137,137
137,80
80,78
78,71
71,13
13,10
10,26
26,10
10,0
0,0
0,0
0,13
13,73
73,72
72,68
68,82
82,0
0,0
0,1
1,48
48,0
0,0
0,0
0,252
252,8
8,3
3,0
0,0
0,0
0,199
199,120
120,8
8,186
186,0
0,0
0,1
1,56
56,80
80,76
76,84
84,69
69,0
0,0
0,0
0,2
2,78
78,115
115,1
1,78
78,115
115,3
3,79
79,116
116,4
4,80
80,116
116,0
0,77
77,114
114,0
0,77
77,114
114,0
0,77
77,114
114,2
2,79
79,115
115,2
2,78
78,115
115,0
0,77
77,114
114,0
0,77
77,114
114,0
0,77
77,114
114,0
0,77
77,114
114,0
0,77
77,114
114,2
2,78
78,115
115,1
1,78
78,115
115,0
0,77
77,114
114,0
0,77
77,114
114,0
0,77
77,114
114,1
1,78
78,115
115,0
0,77
77,114
114,1
1,78
78,115
115,1
1,78
78,115
115,0
0,77
77,114
114,0
0,77
77,114
114,0
0,77
77,114
114,0
0,77
77,114
114,0
0,77
77,114
114,0
0,77
77,114
114,0
0,77
77,114
114,2
2,78
78,115
115,1
1,78
78,115
115,2
2,78
78,115
115,0
0,77
77,114
114,0
0,77
77,114
114,4
4,80
80,116
116,0
0,77
77,114
114,0
0,77
77,114
114,0
0,77
77,114
114,2
2,78
78,115
115,0
0,77
77,114
114,0
0,77
77,114
114,0
0,77
77,114
114,2
2,78
78,115
115,0
0,77
77,114
114,0
0,77
77,114
114,2
2,79
79,115
115,0
0,77
77,114
114,0
0,77
77,114
114,0
0,77
77,114
114,0
0,77
77,114
114,0
0,77
77,114
114,0
0,77
77,114
114,1
1,78
78,115
115,1
1,78
78,115
115,0
0,77
77,114
114,0
0,77
77,114
114,0
0,77
77,114
114,0
0,77
77,114
114,0
0,77
77,114
114,2
2,78
78,115
115,19
19,95
95,128
128,0
0,77
77,114
114,17
17,94
94,126
126,0
0,77
77,114
114,0
0,77
77,114
114,0
0,77
77,114
114,0
0,77
77,114
114,16
16,92
92,125
125,23
23,98
98,130
130,20
20,96
96,128
128,21
21,97
97,129
129,19
19,95
95,127
127,18
18,94
94,127
127,22
22,98
98,129
129,17
17,93
93,126
126,14
14,90
90,124
124,15
15,91
91,125
125,14
14,90
90,124
124,13
13,89
89,123
123,18
18,94
94,126
126,13
13,90
90,124
124,14
14,90
90,124
124,14
14,90
90,124
124,15
15,91
91,124
124,14
14,90
90,124
124,0
0,77
77,114
114,1
1,78
78,115
115,0
0,77
77,114
114,26
26,101
101,132
132,24
24,100
100,131
131,1
1,78
78,115
115,23
23,98
98,130
130,3
3,80
80,116
116,10
10,86
86,121
121,21
21,96
96,129
129,19
19,95
95,128
128,5
5,82
82,118
118,7
7,84
84,119
119,18
18,93
93,126
126,14
14,90
90,124
124,12
12,88
88,123
123,16
16,92
92,125
125,138
138,169
169,62
62,25
25,0
0,0
0,0
0,89
89,116
116,82
82,78
78,83
83,0
0,5
5,9
9,13
13,17
17,237
237,241
241,249
249,35
35,27
27,251
251,202
202,230
230,222
222,197
197,45
45,31
31,58
58,49
49,245
245,83
83,233
233,38
38,23
23,218
218,176
176,215
215,209
209,190
190,166
166,101
101,52
52,41
41,20
20,181
181,143
143,55
55,171
171,125
125,120
120,72
72,92
92,186
186,135
135,68
68,109
109,96
96,88
88,112
112,105
105,62
62,206
206,193
193,117
117,79
79,75
75,226
226,158
158,212
212,139
139,147
147,66
66,190
190,161
161,64
64,132
132,154
154,150
150,129
129,179
179,250
250,220
220,236
236,229
229,208
208,243
243,198
198,130
130,160
160,142
142,100
100,242
242,150
150,110
110,219
219,168
168,120
120,64
64,211
211,194
194,55
55,201
201,153
153,0
0,0
0,25
25,102
102,73
73,68
68,65
65,84
84,120
120,218
218,220
220,218
218,9
9,110
110,218
218,64
64,20
20,6
6,224
224,103
103,227
227,125
125,3
3,188
188,176
176,153
153,221
221,224
224,20
20,204
204,190
190,147
147,180
180,66
66,193
193,185
185,67
67,245
245,36
36,238
238,127
127,142
142,210
210,22
22,197
197,180
180,37
37,142
142,131
131,50
50,3
3,238
238,119
119,130
130,167
167,223
223,26
26,233
233,159
159,121
121,6
6,242
242,24
24,179
179,62
62,89
89,73
73,44
44,16
16,197
197,74
74,171
171,73
73,221
221,100
100,224
224,63
63,192
192,228
228,198
198,158
158,215
215,35
35,31
31,88
88,207
207,243
243,198
198,185
185,255
255,33
33,49
49,169
169,94
94,214
214,171
171,117
117,153
153,1
1,162
162,24
24,185
185,94
94,213
213,203
203,117
117,9
9,210
210,142
142,51
51,167
167,101
101,30
30,231
231,35
35,14
14,8
8,227
227,70
70,115
115,228
228,203
203,83
83,147
147,131
131,84
84,227
227,6
6,129
129,225
225,32
32,170
170,99
99,6
6,8
8,99
99,198
198,42
42,162
162,99
99,4
4,131
131,52
52,39
39,198
198,74
74,182
182,231
231,42
42,136
136,184
184,88
88,3
3,113
113,235
235,5
5,34
34,42
42,174
174,103
103,75
75,44
44,164
164,20
20,107
107,14
14,203
203,186
186,136
136,71
71,213
213,1
1,16
16,55
55,168
168,226
226,145
145,168
168,151
151,135
135,102
102,74
74,19
19,43
43,206
206,30
30,218
218,60
60,254
254,210
210,158
158,1
1,113
113,179
179,54
54,254
254,194
194,183
183,31
31,102
102,69
69,72
72,33
33,121
121,28
28,170
170,167
167,188
188,196
196,114
114,30
30,136
136,203
203,151
151,197
197,83
83,98
98,106
106,56
56,150
150,33
33,109
109,50
50,205
205,81
81,173
173,116
116,192
192,223
223,132
132,90
90,7
7,136
136,235
235,212
212,4
4,252
252,237
237,80
80,170
170,141
141,154
154,25
25,72
72,149
149,76
76,222
222,175
175,106
106,10
10,158
158,56
56,219
219,6
6,16
16,215
215,216
216,58
58,120
120,162
162,104
104,85
85,63
63,159
159,166
166,196
196,24
24,249
249,75
75,160
160,90
90,248
248,106
106,19
19,154
154,64
64,156
156,25
25,110
110,240
240,149
149,165
165,6
6,95
95,228
228,212
212,212
212,126
126,230
230,231
231,113
113,60
60,203
203,75
75,169
169,60
60,101
101,129
129,184
184,236
236,83
83,69
69,57
57,75
75,236
236,231
231,177
177,76
76,73
73,98
98,173
173,206
206,176
176,171
171,225
225,25
25,209
209,125
125,110
110,2
2,113
113,205
205,103
103,87
87,196
196,51
51,90
90,119
119,216
216,105
105,65
65,10
10,180
180,86
86,79
79,134
134,131
131,231
231,44
44,213
213,47
47,0
0,113
113,5
5,95
95,181
181,240
240,156
156,99
99,60
60,173
173,238
238,63
63,49
49,86
86,26
26,239
239,93
93,17
17,255
255,32
32,44
44,150
150,18
18,16
16,39
39,45
45,23
23,2
2,254
254,65
65,116
116,247
247,227
227,123
123,175
175,253
253,140
140,185
185,60
60,149
149,251
251,51
51,124
124,127
127,152
152,3
3,226
226,114
114,195
195,62
62,143
143,145
145,83
83,237
237,95
95,222
222,247
247,27
27,89
89,113
113,230
230,191
191,126
126,230
230,8
8,95
95,174
174,211
211,8
8,172
172,94
94,230
230,241
241,111
111,194
194,194
194,191
191,231
231,218
218,159
159,179
179,247
247,174
174,128
128,255
255,208
208,106
106,61
61,25
25,136
136,147
147,123
123,53
53,13
13,255
255,33
33,184
184,123
123,59
59,7
7,247
247,137
137,51
51,235
235,59
59,29
29,47
47,208
208,182
182,54
54,133
133,175
175,92
92,180
180,183
183,26
26,94
94,160
160,239
239,234
234,247
247,249
249,72
72,198
198,13
13,94
94,170
170,218
218,225
225,226
226,200
200,225
225,154
154,194
194,196
196,220
220,58
58,212
212,241
241,130
130,131
131,86
86,125
125,185
185,195
195,71
71,50
50,38
38,183
183,242
242,84
84,11
11,47
47,210
210,61
61,26
26,3
3,115
115,3
3,79
79,199
199,139
139,44
44,213
213,91
91,221
221,221
221,107
107,127
127,115
115,218
218,45
45,89
89,120
120,89
89,41
41,160
160,113
113,177
177,203
203,228
228,131
131,18
18,94
94,102
102,149
149,186
186,211
211,38
38,220
220,19
19,174
174,51
51,105
105,59
59,248
248,150
150,138
138,223
223,96
96,129
129,56
56,182
182,225
225,87
87,240
240,45
45,78
78,123
123,210
210,185
185,163
163,99
99,89
89,92
92,123
123,42
42,143
143,111
111,122
122,92
92,210
210,184
184,213
213,49
49,205
205,229
229,35
35,190
190,137
137,87
87,189
189,245
245,189
189,244
244,139
139,76
76,115
115,28
28,86
86,48
48,198
198,124
124,40
40,1
1,5
5,210
210,112
112,142
142,49
49,42
42,225
225,248
248,62
62,30
30,201
201,216
216,252
252,178
178,173
173,43
43,24
24,67
67,173
173,203
203,64
64,129
129,92
92,87
87,49
49,134
134,162
162,183
183,151
151,249
249,219
219,95
95,148
148,24
24,249
249,216
216,38
38,4
4,140
140,165
165,246
246,56
56,160
160,128
128,235
235,169
169,24
24,75
75,56
56,246
246,139
139,155
155,63
63,146
146,73
73,163
163,173
173,43
43,96
96,60
60,195
195,102
102,129
129,2
2,214
214,54
54,48
48,158
158,224
224,110
110,71
71,18
18,220
220,82
82,198
198,156
156,118
118,55
55,248
248,30
30,99
99,197
197,0
0,5
5,204
204,202
202,192
192,247
247,108
108,186
186,83
83,51
51,3
3,55
55,195
195,125
125,11
11,22
22,14
14,198
198,162
162,181
181,149
149,140
140,54
54,147
147,241
241,156
156,69
69,240
240,141
141,131
131,219
219,96
96,143
143,229
229,126
126,174
174,224
224,251
251,250
250,51
51,160
160,226
226,123
123,31
31,223
223,167
167,204
204,143
143,181
181,159
159,133
133,27
27,96
96,204
204,99
99,185
185,23
23,147
147,140
140,88
88,206
206,3
3,21
21,249
249,114
114,146
146,207
207,39
39,30
30,107
107,191
191,201
201,0
0,117
117,197
197,99
99,155
155,224
224,49
49,9
9,171
171,70
70,43
43,176
176,154
154,133
133,73
73,240
240,199
199,126
126,81
81,4
4,202
202,100
100,251
251,171
171,202
202,99
99,34
34,252
252,174
174,3
3,84
84,116
116,118
118,73
73,39
39,82
82,191
191,218
218,50
50,208
208,148
148,105
105,246
246,118
118,37
37,5
5,147
147,209
209,66
66,19
19,168
168,48
48,67
67,13
13,147
147,81
81,74
74,187
187,30
30,205
205,218
218,207
207,118
118,252
252,190
190,166
166,36
36,30
30,206
206,163
163,21
21,152
152,87
87,74
74,60
60,148
148,214
214,247
247,59
59,44
44,16
16,22
22,149
149,251
251,103
103,195
195,194
194,164
164,68
68,55
55,200
200,2
2,21
21,217
217,192
192,21
21,49
49,41
41,203
203,120
120,166
166,84
84,251
251,153
153,66
66,111
111,87
87,177
177,48
48,49
49,75
75,245
245,155
155,64
64,69
69,211
211,87
87,63
63,50
50,87
87,101
101,215
215,43
43,80
80,72
72,140
140,107
107,68
68,123
123,237
237,120
120,209
209,86
86,178
178,0
0,84
84,20
20,162
162,205
205,100
100,188
188,104
104,55
55,222
222,224
224,128
128,176
176,214
214,58
58,48
48,28
28,76
76,36
36,218
218,74
74,74
74,64
64,133
133,20
20,109
109,38
38,147
147,113
113,140
140,96
96,221
221,2
2,146
146,88
88,201
201,14
14,93
93,17
17,227
227,80
80,223
223,74
74,198
198,111
111,38
38,227
227,137
137,110
110,72
72,244
244,151
151,88
88,198
198,156
156,68
68,123
123,237
237,164
164,156
156,110
110,79
79,6
6,42
42,228
228,81
81,215
215,193
193,132
132,162
162,221
221,248
248,132
132,92
92,237
237,47
47,230
230,31
31,170
170,60
60,126
126,148
148,182
182,179
179,139
139,64
64,69
69,113
113,188
188,211
211,240
240,163
163,248
248,234
234,3
3,169
169,218
218,47
47,219
219,161
161,43
43,224
224,135
135,109
109,246
246,180
180,254
254,161
161,105
105,173
173,246
246,27
27,252
252,48
48,193
193,13
13,137
137,212
212,254
254,76
76,118
118,180
180,213
213,49
49,25
25,250
250,91
91,201
201,104
104,51
51,121
121,5
5,125
125,59
59,202
202,102
102,62
62,61
61,175
175,239
239,126
126,127
127,115
115,192
192,43
43,148
148,130
130,89
89,6
6,168
168,200
200,204
204,130
130,18
18,94
94,225
225,176
176,233
233,251
251,223
223,63
63,119
119,70
70,38
38,183
183,126
126,50
50,44
44,188
188,74
74,229
229,165
165,193
193,2
2,21
21,108
108,227
227,165
165,130
130,87
87,177
177,140
140,96
96,253
253,169
169,187
187,241
241,194
194,180
180,86
86,177
177,240
240,58
58,143
143,15
15,89
89,6
6,168
168,96
96,178
178,15
15,143
143,120
120,29
29,161
161,82
82,155
155,22
22,62
62,179
179,220
220,183
183,53
53,188
188,150
150,59
59,145
145,104
104,5
5,38
38,77
77,92
92,188
188,150
150,214
214,254
254,180
180,218
218,223
223,250
250,65
65,221
221,217
217,55
55,165
165,13
13,4
4,97
97,60
60,28
28,13
13,5
5,180
180,80
80,134
134,170
170,216
216,42
42,26
26,6
6,4
4,233
233,11
11,42
42,200
200,80
80,222
222,90
90,105
105,105
105,171
171,181
181,190
190,116
116,170
170,237
237,93
93,8
8,111
111,85
85,251
251,253
253,191
191,65
65,207
207,166
166,117
117,77
77,131
131,33
33,201
201,102
102,226
226,241
241,251
251,95
95,103
103,124
124,92
92,110
110,247
247,118
118,111
111,31
31,10
10,48
48,215
215,118
118,65
65,121
121,219
219,183
183,214
214,83
83,100
100,187
187,76
76,157
157,3
3,179
179,241
241,130
130,34
34,225
225,33
33,139
139,79
79,154
154,245
245,30
30,117
117,207
207,220
220,43
43,69
69,242
242,9
9,229
229,213
213,28
28,117
117,79
79,175
175,222
222,124
124,178
178,72
72,240
240,173
173,47
47,94
94,220
220,71
71,41
41,130
130,88
88,137
137,72
72,62
62,65
65,74
74,49
49,138
138,32
32,202
202,203
203,126
126,108
108,147
147,44
44,210
210,218
218,40
40,134
134,40
40,2
2,159
159,166
166,146
146,48
48,153
153,68
68,17
17,42
42,110
110,180
180,34
34,168
168,235
235,236
236,102
102,231
231,153
153,76
76,113
113,84
84,10
10,146
146,111
111,20
20,42
42,20
20,135
135,252
252,172
172,179
179,249
249,24
24,81
81,220
220,167
167,115
115,143
143,40
40,150
150,149
149,150
150,228
228,27
27,173
173,21
21,138
138,229
229,81
81,46
46,29
29,15
15,186
186,45
45,156
156,247
247,42
42,11
11,152
152,227
227,30
30,177
177,92
92,138
138,88
88,50
50,69
69,210
210,91
91,168
168,236
236,237
237,4
4,93
93,22
22,247
247,229
229,135
135,20
20,77
77,210
210,143
143,93
93,73
73,216
216,153
153,76
76,82
82,52
52,15
15,203
203,13
13,23
23,101
101,127
127,32
32,158
158,94
94,77
77,121
121,160
160,87
87,180
180,206
206,23
23,179
179,124
124,99
99,253
253,121
121,61
61,234
234,129
129,98
98,169
169,213
213,116
116,60
60,224
224,180
180,245
245,181
181,181
181,188
188,64
64,17
17,64
64,53
53,232
232,215
215,200
200,20
20,198
198,203
203,120
120,22
22,150
150,183
183,18
18,75
75,206
206,150
150,4
4,160
160,184
184,199
199,32
32,103
103,242
242,137
137,8
8,145
145,124
124,131
131,68
68,18
18,249
249,140
140,236
236,209
209,63
63,122
122,201
201,65
65,113
113,191
191,249
249,250
250,169
169,39
39,161
161,157
157,219
219,246
246,219
219,18
18,129
129,192
192,19
19,25
25,20
20,209
209,167
167,175
175,55
55,237
237,150
150,253
253,100
100,45
45,159
159,169
169,69
69,61
61,57
57,60
60,17
17,166
166,78
78,8
8,155
155,39
39,79
79,146
146,85
85,180
180,150
150,201
201,175
175,17
17,91
91,115
115,237
237,214
214,251
251,24
24,170
170,184
184,135
135,244
244,252
252,253
253,94
94,158
158,174
174,61
61,248
248,14
14,229
229,16
16,134
134,80
80,236
236,125
125,203
203,198
198,108
108,60
60,204
204,63
63,142
142,88
88,189
189,160
160,0
0,196
196,128
128,44
44,184
184,241
241,132
132,248
248,199
199,50
50,60
60,221
221,140
140,105
105,181
181,70
70,241
241,200
200,101
101,184
184,98
98,32
32,64
64,92
92,233
233,202
202,50
50,197
197,83
83,91
91,157
157,98
98,23
23,165
165,20
20,246
246,42
42,243
243,94
94,232
232,5
5,151
151,88
88,4
4,200
200,166
166,129
129,23
23,138
138,205
205,87
87,246
246,10
10,138
138,213
213,92
92,187
187,137
137,63
63,47
47,117
117,195
195,32
32,108
108,31
31,31
31,223
223,223
223,215
215,141
141,146
146,176
176,60
60,44
44,55
55,239
239,156
156,141
141,7
7,226
226,91
91,250
250,70
70,26
26,6
6,97
97,44
44,169
169,110
110,172
172,184
184,144
144,240
240,77
77,184
184,173
173,201
201,101
101,191
191,146
146,216
216,245
245,32
32,138
138,5
5,50
50,61
61,211
211,205
205,222
222,240
240,200
200,197
197,221
221,132
132,34
34,153
153,136
136,84
84,155
155,222
222,156
156,147
147,57
57,97
97,108
108,245
245,120
120,6
6,203
203,121
121,147
147,193
193,154
154,213
213,136
136,249
249,209
209,106
106,39
39,69
69,157
157,34
34,226
226,114
114,202
202,132
132,197
197,30
30,60
60,169
169,206
206,127
127,79
79,98
98,131
131,59
59,249
249,34
34,174
174,184
184,135
135,245
245,39
39,161
161,172
172,187
187,96
96,117
117,12
12,69
69,180
180,86
86,204
204,239
239,128
128,98
98,228
228,49
49,255
255,180
180,39
39,61
61,201
201,142
142,187
187,217
217,123
123,63
63,237
237,141
141,144
144,236
236,110
110,6
6,149
149,45
45,97
97,54
54,254
254,226
226,49
49,185
185,113
113,124
124,232
232,252
252,240
240,226
226,50
50,84
84,111
111,150
150,22
22,133
133,88
88,225
225,188
188,77
77,112
112,177
177,4
4,99
99,66
66,4
4,161
161,31
31,157
157,155
155,119
119,110
110,241
241,227
227,111
111,131
131,49
49,250
250,119
119,202
202,177
177,70
70,65
65,72
72,111
111,32
32,165
165,208
208,136
136,161
161,211
211,89
89,111
111,60
60,248
248,118
118,28
28,151
151,116
116,214
214,142
142,78
78,47
47,46
46,199
199,20
20,199
199,252
252,242
242,75
75,81
81,178
178,163
163,57
57,91
91,190
190,92
92,158
158,167
167,56
56,198
198,151
151,23
23,167
167,71
71,107
107,146
146,78
78,246
246,236
236,84
84,27
27,94
94,161
161,20
20,11
11,213
213,223
223,136
136,108
108,107
107,28
28,78
78,191
191,169
169,163
163,14
14,157
157,241
241,213
213,80
80,59
59,61
61,203
203,74
74,58
58,137
137,238
238,80
80,99
99,163
163,171
171,62
62,117
117,77
77,136
136,95
95,185
185,132
132,179
179,210
210,48
48,76
76,116
116,248
248,37
37,25
25,161
161,88
88,255
255,106
106,196
196,180
180,97
97,55
55,33
33,233
233,188
188,237
237,142
142,52
52,198
198,70
70,3
3,231
231,138
138,193
193,250
250,185
185,232
232,30
30,141
141,65
65,88
88,229
229,119
119,78
78,127
127,48
48,98
98,76
76,27
27,117
117,223
223,26
26,4
4,83
83,237
237,198
198,152
152,184
184,6
6,7
7,24
24,179
179,8
8,235
235,248
248,82
82,39
39,8
8,198
198,84
84,59
59,49
49,38
38,182
182,133
133,6
6,194
194,142
142,196
196,50
50,190
190,84
84,102
102,20
20,172
172,61
61,84
84,25
25,71
71,189
189,112
112,161
161,216
216,188
188,88
88,38
38,45
45,211
211,12
12,111
111,236
236,103
103,75
75,208
208,235
235,66
66,87
87,103
103,216
216,54
54,8
8,230
230,92
92,49
49,120
120,234
234,56
56,51
51,240
240,167
167,167
167,208
208,127
127,119
119,160
160,151
151,73
73,48
48,77
77,101
101,206
206,20
20,131
131,11
11,131
131,208
208,217
217,113
113,66
66,182
182,132
132,75
75,160
160,51
51,189
189,152
152,170
170,221
221,18
18,76
76,101
101,127
127,209
209,126
126,13
13,108
108,149
149,252
252,112
112,37
37,21
21,254
254,180
180,7
7,92
92,180
180,25
25,122
122,131
131,95
95,26
26,251
251,139
139,122
122,75
75,48
48,198
198,28
28,41
41,6
6,77
77,15
15,241
241,179
179,163
163,228
228,190
190,145
145,5
5,122
122,233
233,220
220,8
8,214
214,106
106,179
179,219
219,138
138,253
253,236
236,83
83,75
75,96
96,211
211,188
188,42
42,84
84,43
43,199
199,46
46,145
145,170
170,221
221,7
7,24
24,253
253,159
159,92
92,47
47,160
160,221
221,250
250,247
247,208
208,177
177,205
205,140
140,138
138,89
89,198
198,24
24,88
88,152
152,37
37,132
132,188
188,107
107,79
79,71
71,73
73,128
128,61
61,156
156,21
21,61
61,93
93,47
47,16
16,172
172,26
26,208
208,127
127,254
254,228
228,144
144,217
217,86
86,12
12,188
188,177
177,5
5,51
51,201
201,115
115,104
104,64
64,8
8,238
238,226
226,182
182,245
245,98
98,135
135,39
39,138
138,196
196,33
33,241
241,243
243,3
3,102
102,96
96,120
120,57
57,77
77,177
177,228
228,92
92,67
67,60
60,27
27,70
70,103
103,22
22,151
151,141
141,185
185,228
228,52
52,189
189,46
46,135
135,204
204,192
192,193
193,121
121,156
156,252
252,113
113,28
28,58
58,254
254,200
200,254
254,87
87,108
108,220
220,179
179,204
204,142
142,43
43,27
27,173
173,25
25,41
41,86
86,239
239,246
246,89
89,218
218,88
88,177
177,204
204,150
150,189
189,49
49,215
215,203
203,200
200,199
199,227
227,235
235,191
191,58
58,176
176,84
84,58
58,218
218,103
103,70
70,84
84,235
235,24
24,75
75,241
241,117
117,185
185,25
25,215
215,139
139,43
43,198
198,215
215,25
25,83
83,214
214,241
241,165
165,50
50,35
35,251
251,71
71,165
165,165
165,0
0,143
143,206
206,147
147,238
238,39
39,198
198,236
236,199
199,152
152,92
92,126
126,247
247,100
100,38
38,179
179,227
227,132
132,133
133,217
217,178
178,60
60,61
61,190
190,128
128,79
79,221
221,19
19,126
126,14
14,145
145,240
240,249
249,225
225,103
103,102
102,98
98,116
116,151
151,98
98,114
114,49
49,63
63,171
171,217
217,209
209,156
156,45
45,243
243,69
69,249
249,46
46,189
189,70
70,204
204,196
196,231
231,195
195,243
243,48
48,145
145,200
200,250
250,151
151,131
131,15
15,204
204,4
4,111
111,246
246,112
112,197
197,38
38,15
15,206
206,103
103,248
248,180
180,183
183,126
126,28
28,1
1,122
122,93
93,55
55,116
116,76
76,124
124,56
56,248
248,178
178,206
206,5
5,227
227,35
35,16
16,16
16,204
204,168
168,152
152,121
121,144
144,198
198,77
77,138
138,239
239,255
255,217
217,132
132,119
119,144
144,48
48,55
55,132
132,54
54,15
15,225
225,64
64,47
47,163
163,96
96,124
124,12
12,66
66,184
184,141
141,225
225,215
215,125
125,141
141,1
1,198
198,24
24,155
155,5
5,27
27,108
108,79
79,45
45,199
199,33
33,190
190,204
204,104
104,251
251,95
95,185
185,129
129,98
98,144
144,207
207,140
140,52
52,54
54,89
89,177
177,193
193,120
120,54
54,140
140,214
214,189
189,53
53,181
181,31
31,235
235,13
13,67
67,51
51,26
26,159
159,27
27,113
113,193
193,178
178,103
103,102
102,193
193,160
160,217
217,51
51,27
27,86
86,254
254,248
248,175
175,77
77,48
48,55
55,116
116,204
204,92
92,207
207,141
141,126
126,147
147,119
119,165
165,107
107,137
137,99
99,65
65,148
148,125
125,49
49,172
172,130
130,72
72,179
179,136
136,8
8,136
136,2
2,210
210,10
10,42
42,10
10,138
138,163
163,162
162,40
40,138
138,237
237,218
218,61
61,35
35,68
68,65
65,1
1,223
223,255
255,13
13,230
230,70
70,100
100,74
74,8
8,9
9,161
161,110
110,34
34,116
116,79
79,253
253,234
234,31
31,253
253,153
153,112
112,114
114,238
238,86
86,117
117,234
234,92
92,14
14,48
48,174
174,102
102,52
52,26
26,49
49,125
125,224
224,55
55,189
189,35
35,78
78,210
210,173
173,123
123,1
1,253
253,104
104,188
188,184
184,186
186,17
17,7
7,88
88,55
55,163
163,47
47,130
130,88
88,207
207,114
114,101
101,186
186,175
175,35
35,161
161,183
183,200
200,17
17,199
199,235
235,35
35,171
171,175
175,85
85,233
233,8
8,96
96,181
181,71
71,113
113,196
196,56
56,225
225,226
226,20
20,136
136,10
10,149
149,9
9,16
16,171
171,2
2,94
94,2
2,96
96,16
16,192
192,116
116,0
0,152
152,48
48,98
98,46
46,107
107,32
32,185
185,242
242,199
199,205
205,246
246,253
253,161
161,91
91,73
73,6
6,172
172,46
46,192
192,75
75,4
4,176
176,110
110,9
9,132
132,31
31,144
144,130
130,253
253,35
35,87
87,199
199,161
161,171
171,37
37,36
36,88
88,121
121,209
209,45
45,131
131,0
0,96
96,194
194,209
209,232
232,48
48,107
107,83
83,44
44,155
155,144
144,47
47,76
76,107
107,76
76,167
167,241
241,40
40,5
5,48
48,86
86,20
20,176
176,230
230,179
179,45
45,253
253,135
135,28
28,30
30,71
71,153
153,56
56,216
216,158
158,155
155,162
162,128
128,177
177,28
28,96
96,90
90,82
82,51
51,18
18,251
251,63
63,173
173,206
206,139
139,47
47,242
242,167
167,237
237,239
239,5
5,188
188,161
161,124
124,47
47,157
157,22
22,43
43,134
134,70
70,241
241,125
125,149
149,44
44,138
138,141
141,199
199,183
183,231
231,167
167,186
186,33
33,191
191,183
183,255
255,219
219,85
85,135
135,198
198,13
13,237
237,254
254,94
94,222
222,80
80,127
127,122
122,126
126,19
19,27
27,149
149,28
28,195
195,194
194,41
41,97
97,192
192,216
216,102
102,187
187,91
91,66
66,242
242,21
21,126
126,183
183,250
250,227
227,248
248,245
245,202
202,130
130,175
175,91
91,40
40,106
106,55
55,89
89,97
97,192
192,82
82,97
97,149
149,201
201,45
45,8
8,24
24,219
219,234
234,41
41,57
57,141
141,190
190,200
200,20
20,92
92,167
167,161
161,96
96,104
104,156
156,17
17,159
159,177
177,167
167,205
205,108
108,177
177,130
130,128
128,185
185,77
77,42
42,231
231,117
117,69
69,100
100,56
56,130
130,71
71,83
83,105
105,218
218,244
244,209
209,178
178,226
226,21
21,45
45,129
129,47
47,148
148,200
200,176
176,172
172,92
92,59
59,85
85,238
238,106
106,89
89,96
96,151
151,214
214,29
29,142
142,96
96,144
144,28
28,250
250,115
115,143
143,70
70,33
33,48
48,101
101,238
238,14
14,75
75,129
129,189
189,124
124,185
185,234
234,86
86,221
221,221
221,150
150,135
135,174
174,142
142,131
131,217
217,176
176,25
25,38
38,142
142,237
237,223
223,86
86,107
107,181
181,95
95,113
113,115
115,150
150,86
86,171
171,198
198,246
246,137
137,199
199,153
153,153
153,193
193,140
140,216
216,208
208,213
213,178
178,124
124,123
123,167
167,170
170,62
62,156
156,11
11,173
173,142
142,60
60,79
79,233
233,89
89,20
20,92
92,243
243,246
246,76
76,102
102,86
86,105
105,159
159,108
108,181
181,121
121,54
54,147
147,177
177,207
207,163
163,158
158,50
50,203
203,243
243,176
176,22
22,90
90,45
45,207
207,31
31,170
170,170
170,219
219,147
147,51
51,209
209,225
225,8
8,97
97,180
180,109
109,217
217,53
53,210
210,89
89,165
165,155
155,119
119,120
120,236
236,33
33,231
231,138
138,123
123,33
33,94
94,40
40,44
44,43
43,93
93,104
104,50
50,187
187,151
151,11
11,133
133,248
248,130
130,123
123,197
197,25
25,178
178,123
123,28
28,243
243,58
58,233
233,108
108,211
211,216
216,183
183,108
108,48
48,30
30,197
197,135
135,229
229,217
217,201
201,173
173,234
234,138
138,95
95,51
51,226
226,54
54,171
171,245
245,161
161,90
90,233
233,184
184,93
93,234
234,174
174,217
217,19
19,93
93,249
249,190
190,177
177,92
92,216
216,141
141,5
5,108
108,76
76,222
222,235
235,205
205,239
239,42
42,123
123,197
197,164
164,46
46,183
183,203
203,61
61,133
133,177
177,5
5,98
98,187
187,133
133,229
229,141
141,239
239,43
43,81
81,143
143,212
212,211
211,137
137,61
61,62
62,84
84,95
95,93
93,231
231,54
54,177
177,252
252,186
186,209
209,149
149,234
234,132
132,87
87,51
51,106
106,180
180,32
32,53
53,61
61,216
216,123
123,181
181,38
38,106
106,168
168,174
174,249
249,96
96,213
213,254
254,118
118,122
122,253
253,112
112,47
47,184
184,100
100,243
243,205
205,245
245,190
190,157
157,119
119,79
79,201
201,124
124,135
135,110
110,101
101,207
207,219
219,27
27,7
7,115
115,62
62,219
219,82
82,112
112,239
239,112
112,61
61,189
189,189
189,255
255,193
193,54
54,141
141,168
168,217
217,253
253,154
154,80
80,247
247,22
22,217
217,95
95,52
52,120
120,117
117,163
163,19
19,85
85,241
241,158
158,229
229,15
15,71
71,193
193,34
34,110
110,98
98,221
221,35
35,252
252,214
214,166
166,208
208,62
62,25
25,127
127,201
201,163
163,88
88,98
98,147
147,241
241,251
251,172
172,22
22,189
189,107
107,230
230,147
147,52
52,253
253,88
88,185
185,211
211,130
130,118
118,255
255,216
216,250
250,233
233,81
81,46
46,189
189,197
197,234
234,243
243,51
51,155
155,137
137,216
216,81
81,146
146,140
140,210
210,253
253,144
144,73
73,248
248,91
91,121
121,214
214,19
19,130
130,197
197,92
92,254
254,176
176,100
100,239
239,139
139,170
170,203
203,254
254,154
154,209
209,192
192,234
234,200
200,247
247,134
134,89
89,48
48,169
169,7
7,38
38,171
171,176
176,217
217,180
180,56
56,27
27,253
253,149
149,91
91,93
93,91
91,142
142,28
28,124
124,179
179,229
229,45
45,174
174,225
225,226
226,244
244,194
194,47
47,133
133,16
16,211
211,254
254,42
42,248
248,134
134,107
107,102
102,44
44,121
121,219
219,183
183,131
131,200
200,242
242,218
218,106
106,238
238,87
87,116
116,118
118,209
209,100
100,14
14,107
107,7
7,94
94,222
222,180
180,32
32,224
224,60
60,3
3,171
171,101
101,127
127,221
221,232
232,82
82,85
85,185
185,97
97,251
251,55
55,247
247,195
195,233
233,5
5,54
54,62
62,125
125,45
45,50
50,90
90,179
179,61
61,227
227,78
78,111
111,29
29,30
30,7
7,151
151,54
54,153
153,44
44,199
199,42
42,131
131,144
144,194
194,131
131,156
156,22
22,50
50,138
138,236
236,46
46,52
52,153
153,222
222,46
46,157
157,31
31,51
51,6
6,142
142,109
109,89
89,102
102,115
115,41
41,120
120,124
124,184
184,149
149,118
118,103
103,236
236,102
102,109
109,95
95,75
75,141
141,128
128,37
37,19
19,172
172,150
150,173
173,62
62,120
120,110
110,42
42,170
170,50
50,7
7,24
24,136
136,80
80,96
96,115
115,47
47,136
136,88
88,218
218,19
19,214
214,234
234,222
222,89
89,149
149,33
33,19
19,123
123,156
156,155
155,216
216,179
179,59
59,82
82,180
180,201
201,249
249,67
67,37
37,250
250,69
69,180
180,206
206,195
195,188
188,20
20,189
189,247
247,78
78,150
150,91
91,16
16,226
226,100
100,65
65,200
200,188
188,179
179,77
77,167
167,13
13,123
123,210
210,128
128,151
151,160
160,40
40,152
152,19
19,165
165,0
0,96
96,101
101,213
213,125
125,131
131,253
253,188
188,58
58,10
10,227
227,5
5,109
109,107
107,241
241,156
156,115
115,165
165,59
59,254
254,2
2,182
182,108
108,222
222,187
187,51
51,103
103,144
144,214
214,193
193,105
105,244
244,23
23,228
228,63
63,145
145,106
106,156
156,5
5,191
191,196
196,199
199,27
27,230
230,118
118,188
188,249
249,172
172,45
45,208
208,29
29,165
165,43
43,206
206,92
92,92
92,66
66,147
147,219
219,211
211,231
231,213
213,146
146,109
109,220
220,171
171,206
206,155
155,44
44,172
172,142
142,98
98,112
112,213
213,235
235,79
79,79
79,79
79,47
47,47
47,47
47,175
175,150
150,203
203,99
99,178
178,4
4,38
38,24
24,171
171,126
126,220
220,30
30,203
203,153
153,172
172,124
124,183
183,229
229,194
194,205
205,184
184,217
217,113
113,91
91,136
136,234
234,122
122,43
43,147
147,32
32,11
11,233
233,241
241,165
165,229
229,149
149,252
252,32
32,242
242,179
179,234
234,117
117,49
49,200
200,96
96,181
181,100
100,155
155,231
231,4
4,176
176,158
158,110
110,31
31,86
86,199
199,33
33,65
65,176
176,122
122,125
125,126
126,238
238,180
180,223
223,90
90,205
205,230
230,205
205,249
249,189
189,213
213,98
98,112
112,33
33,90
90,82
82,93
93,76
76,73
73,222
222,98
98,157
157,122
122,182
182,196
196,32
32,154
154,175
175,235
235,46
46,131
131,197
197,122
122,127
127,126
126,211
211,108
108,182
182,222
222,218
218,157
157,231
231,231
231,87
87,130
130,154
154,200
200,68
68,246
246,159
159,86
86,172
172,70
70,0
0,59
59,35
35,255
255,134
134,213
213,145
145,207
207,42
42,18
18,132
132,85
85,175
175,207
207,157
157,78
78,187
187,213
213,106
106,54
54,216
216,26
26,168
168,96
96,17
17,65
65,78
78,11
11,114
114,58
58,138
138,105
105,102
102,97
97,151
151,62
62,78
78,128
128,130
130,181
181,198
198,54
54,154
154,173
173,86
86,187
187,211
211,121
121,126
126,125
125,37
37,100
100,3
3,182
182,13
13,93
93,45
45,107
107,141
141,51
51,14
14,48
48,88
88,29
29,7
7,161
161,37
37,72
72,125
125,176
176,170
170,209
209,104
104,176
176,108
108,173
173,214
214,163
163,102
102,27
27,139
139,152
152,193
193,182
182,108
108,151
151,15
15,48
48,251
251,50
50,214
214,185
185,139
139,40
40,12
12,217
217,222
222,82
82,87
87,99
99,89
89,242
242,243
243,186
186,108
108,227
227,112
112,3
3,36
36,250
250,86
86,203
203,30
30,96
96,44
44,72
72,52
52,251
251,39
39,171
171,222
222,16
16,228
228,88
88,197
197,63
63,156
156,99
99,155
155,196
196,93
93,182
182,117
117,185
185,46
46,177
177,86
86,47
47,174
174,99
99,205
205,16
16,234
234,47
47,252
252,195
195,53
53,199
199,182
182,222
222,16
16,133
133,169
169,173
173,95
95,194
194,201
201,18
18,192
192,106
106,32
32,108
108,26
26,96
96,85
85,19
19,88
88,197
197,175
175,56
56,225
225,57
57,182
182,185
185,181
181,40
40,147
147,120
120,124
124,228
228,197
197,79
79,210
210,21
21,172
172,125
125,108
108,107
107,14
14,176
176,13
13,68
68,80
80,53
53,142
142,97
97,141
141,55
55,146
146,137
137,174
174,215
215,71
71,177
177,138
138,175
175,130
130,197
197,34
34,22
22,216
216,48
48,169
169,229
229,112
112,207
207,223
223,192
192,122
122,120
120,240
240,21
21,172
172,35
35,217
217,70
70,0
0,122
122,33
33,41
41,31
31,142
142,97
97,228
228,236
236,8
8,72
72,117
117,89
89,37
37,142
142,22
22,158
158,99
99,112
112,151
151,150
150,135
135,30
30,48
48,143
143,200
200,61
61,89
89,40
40,126
126,241
241,49
49,235
235,178
178,13
13,112
112,35
35,103
103,203
203,51
51,213
213,105
105,179
179,221
221,197
197,170
170,5
5,172
172,146
146,22
22,196
196,136
136,0
0,139
139,216
216,82
82,218
218,161
161,166
166,109
109,77
77,72
72,47
47,97
97,241
241,122
122,225
225,21
21,184
184,71
71,178
178,173
173,213
213,69
69,173
173,221
221,60
60,85
85,221
221,52
52,97
97,178
178,26
26,51
51,154
154,24
24,235
235,6
6,56
56,145
145,98
98,3
3,78
78,129
129,184
184,32
32,147
147,209
209,227
227,120
120,1
1,83
83,91
91,243
243,70
70,85
85,44
44,159
159,62
62,34
34,2
2,84
84,176
176,168
168,176
176,124
124,163
163,187
187,127
127,204
204,188
188,138
138,177
177,238
238,128
128,201
201,27
27,25
25,167
167,229
229,162
162,234
234,154
154,52
52,206
206,32
32,2
2,84
84,176
176,184
184,176
176,196
196,210
210,14
14,10
10,149
149,101
101,58
58,134
134,192
192,11
11,20
20,172
172,216
216,40
40,255
255,184
184,86
86,57
57,246
246,175
175,40
40,16
16,107
107,117
117,158
158,112
112,28
28,171
171,239
239,4
4,221
221,102
102,124
124,2
2,63
63,184
184,131
131,124
124,236
236,83
83,167
167,69
69,129
129,215
215,213
213,190
190,131
131,75
75,239
239,222
222,158
158,163
163,255
255,70
70,13
13,109
109,15
15,82
82,183
183,30
30,124
124,55
55,35
35,241
241,250
250,126
126,96
96,69
69,78
78,5
5,79
79,20
20,252
252,170
170,157
157,223
223,118
118,211
211,236
236,186
186,220
220,3
3,5
5,98
98,45
45,44
44,98
98,51
51,214
214,131
131,237
237,121
121,148
148,134
134,119
119,251
251,0
0,225
225,113
113,2
2,10
10,86
86,52
52,94
94,15
15,57
57,93
93,207
207,219
219,156
156,244
244,179
179,77
77,0
0,49
49,239
239,145
145,59
59,140
140,144
144,113
113,185
185,143
143,188
188,95
95,137
137,23
23,244
244,178
178,185
185,231
231,129
129,227
227,39
39,19
19,225
225,152
152,239
239,104
104,37
37,60
60,190
190,27
27,216
216,145
145,111
111,34
34,252
252,58
58,249
249,60
60,131
131,56
56,174
174,31
31,206
206,30
30,191
191,30
30,49
49,163
163,111
111,47
47,23
23,30
30,19
19,175
175,220
220,158
158,15
15,145
145,208
208,161
161,230
230,215
215,217
217,195
195,181
181,163
163,175
175,58
58,119
119,125
125,66
66,131
131,216
216,43
43,22
22,49
49,127
127,100
100,95
95,55
55,94
94,35
35,109
109,196
196,143
143,197
197,235
235,149
149,6
6,175
175,147
147,235
235,110
110,69
69,22
22,16
16,187
187,195
195,34
34,70
70,149
149,80
80,116
116,249
249,193
193,37
37,87
87,154
154,151
151,173
173,31
31,145
145,208
208,129
129,132
132,33
33,46
46,8
8,94
94,119
119,61
61,188
188,160
160,117
117,240
240,174
174,56
56,17
17,196
196,152
152,164
164,83
83,43
43,189
189,64
64,148
148,100
100,38
38,130
130,87
87,241
241,142
142,223
223,36
36,74
74,204
204,5
5,138
138,23
23,143
143,216
216,192
192,35
35,102
102,96
96,74
74,78
78,173
173,84
84,188
188,74
74,12
12,34
34,161
161,67
67,141
141,215
215,69
69,145
145,216
216,9
9,12
12,83
83,225
225,253
253,188
188,164
164,64
64,140
140,34
34,161
161,184
184,28
28,210
210,74
74,194
194,43
43,180
180,76
76,145
145,48
48,164
164,192
192,235
235,242
242,103
103,84
84,51
51,252
252,133
133,170
170,151
151,19
19,225
225,152
152,45
45,30
30,213
213,72
72,145
145,85
85,198
198,109
109,19
19,225
225,215
215,101
101,85
85,232
232,131
131,106
106,255
255,170
170,86
86,16
16,136
136,209
209,167
167,96
96,19
19,32
32,110
110,20
20,147
147,9
9,38
38,104
104,18
18,172
172,216
216,184
184,168
168,84
84,255
255,2
2,188
188,120
120,136
136,253
253,168
168,32
32,146
146,61
61,212
212,136
136,233
233,3
3,235
235,128
128,152
152,16
16,94
94,235
235,136
136,75
75,217
217,233
233,241
241,58
58,173
173,252
252,32
32,120
120,137
137,232
232,172
172,112
112,136
136,209
209,167
167,96
96,215
215,22
22,213
213,226
226,5
5,162
162,53
53,138
138,4
4,43
43,21
21,94
94,226
226,186
186,182
182,112
112,234
234,182
182,76
76,197
197,177
177,127
127,112
112,161
161,79
79,44
44,120
120,212
212,98
98,178
178,183
183,5
5,244
244,229
229,8
8,84
84,252
252,42
42,223
223,166
166,194
194,163
163,174
174,175
175,167
167,66
66,12
12,159
159,180
180,142
142,245
245,11
11,207
207,6
6,101
101,92
92,49
49,124
124,66
66,154
154,10
10,175
175,237
237,240
240,232
232,195
195,218
218,85
85,25
25,121
121,132
132,192
192,121
121,193
193,130
130,140
140,202
202,33
33,156
156,96
96,69
69,39
39,240
240,159
159,58
58,20
20,9
9,176
176,242
242,149
149,148
148,163
163,46
46,49
49,47
47,162
162,76
76,40
40,226
226,194
194,18
18,92
92,117
117,8
8,221
221,82
82,20
20,196
196,36
36,164
164,233
233,19
19,134
134,196
196,156
156,72
72,218
218,213
213,127
127,15
15,231
231,147
147,224
224,152
152,37
37,246
246,221
221,60
60,60
60,193
193,26
26,67
67,227
227,213
213,161
161,193
193,235
235,65
65,234
234,5
5,128
128,102
102,146
146,186
186,152
152,4
4,199
199,12
12,223
223,22
22,60
60,26
26,254
254,85
85,132
132,11
11,223
223,16
16,251
251,47
47,122
122,126
126,145
145,4
4,133
133,89
89,122
122,210
210,252
252,228
228,130
130,46
46,161
161,136
136,11
11,125
125,12
12,190
190,41
41,240
240,61
61,134
134,88
88,31
31,233
233,19
19,134
134,23
23,144
144,48
48,148
148,16
16,142
142,187
187,175
175,65
65,12
12,132
132,226
226,115
115,86
86,162
162,166
166,100
100,118
118,135
135,1
1,182
182,203
203,16
16,93
93,168
168,117
117,238
238,147
147,136
136,253
253,75
75,240
240,186
186,115
115,140
140,85
85,248
248,187
187,46
46,158
158,162
162,159
159,198
198,142
142,135
135,216
216,140
140,222
222,75
75,20
20,148
148,199
199,201
201,248
248,70
70,58
58,101
101,226
226,15
15,73
73,83
83,42
42,189
189,17
17,79
79,30
30,19
19,141
141,168
168,87
87,15
15,144
144,73
73,194
194,139
139,69
69,227
227,117
117,90
90,132
132,4
4,171
171,84
84,142
142,21
21,47
47,148
148,66
66,12
12,218
218,15
15,188
188,126
126,166
166,167
167,209
209,205
205,57
57,237
237,102
102,141
141,208
208,69
69,174
174,118
118,103
103,174
174,167
167,66
66,102
102,252
252,94
94,104
104,153
153,80
80,10
10,175
175,139
139,34
34,240
240,75
75,178
178,152
152,232
232,250
250,146
146,85
85,0
0,49
49,104
104,112
112,97
97,222
222,165
165,243
243,221
221,118
118,170
170,69
69,135
135,89
89,180
180,157
157,74
74,77
77,116
116,238
238,142
142,197
197,110
110,171
171,215
215,123
123,83
83,0
0,3
3,77
77,57
57,10
10,224
224,197
197,94
94,94
94,35
35,4
4,89
89,196
196,234
234,15
15,207
207,49
49,112
112,104
104,230
230,183
183,25
25,16
16,86
86,37
37,222
222,91
91,168
168,136
136,242
242,219
219,51
51,175
175,25
25,83
83,213
213,58
58,239
239,33
33,154
154,247
247,247
247,182
182,175
175,4
4,97
97,27
27,180
180,82
82,240
240,60
60,145
145,241
241,120
120,113
113,214
214,125
125,40
40,193
193,218
218,29
29,138
138,99
99,224
224,208
208,204
204,111
111,100
100,233
233,181
181,77
77,165
165,184
184,182
182,41
41,113
113,86
86,137
137,179
179,141
141,107
107,1
1,75
75,245
245,90
90,192
192,160
160,89
89,135
135,231
231,137
137,140
140,227
227,215
215,29
29,82
82,240
240,103
103,170
170,86
86,232
232,103
103,126
126,163
163,225
225,115
115,171
171,84
84,183
183,49
49,79
79,46
46,141
141,107
107,183
183,201
201,240
240,115
115,59
59,152
152,193
193,72
72,63
63,223
223,87
87,170
170,99
99,243
243,11
11,74
74,73
73,21
21,212
212,131
131,33
33,5
5,107
107,176
176,248
248,55
55,201
201,164
164,94
94,130
130,102
102,60
60,17
17,86
86,161
161,216
216,6
6,13
13,135
135,37
37,178
178,40
40,108
108,250
250,45
45,6
6,186
186,4
4,43
43,91
91,225
225,10
10,68
68,216
216,0
0,7
7,78
78,201
201,1
1,2
2,180
180,183
183,142
142,133
133,9
9,238
238,113
113,243
243,122
122,10
10,26
26,240
240,228
228,15
15,104
104,62
62,76
76,113
113,43
43,194
194,94
94,144
144,177
177,116
116,222
222,16
16,2
2,65
65,112
112,210
210,164
164,18
18,118
118,255
255,28
28,155
155,99
99,160
160,167
167,213
213,219
219,146
146,57
57,251
251,162
162,9
9,90
90,60
60,149
149,10
10,104
104,111
111,53
53,45
45,218
218,115
115,73
73,155
155,94
94,84
84,217
217,44
44,206
206,175
175,159
159,148
148,162
162,120
120,123
123,85
85,106
106,122
122,12
12,250
250,3
3,218
218,31
31,138
138,109
109,189
189,173
173,244
244,245
245,214
214,13
13,234
234,80
80,201
201,166
166,255
255,208
208,206
206,183
183,121
121,29
29,25
25,163
163,248
248,85
85,174
174,218
218,169
169,189
189,97
97,171
171,21
21,118
118,12
12,86
86,245
245,58
58,80
80,234
234,164
164,41
41,192
192,104
104,9
9,108
108,205
205,170
170,190
190,56
56,102
102,183
183,2
2,22
22,227
227,63
63,228
228,241
241,189
189,158
158,159
159,49
49,216
216,198
198,86
86,170
170,50
50,184
184,250
250,134
134,126
126,148
148,79
79,165
165,179
179,170
170,62
62,80
80,65
65,131
131,154
154,227
227,151
151,132
132,54
54,52
52,120
120,13
13,126
126,125
125,52
52,219
219,128
128,95
95,63
63,66
66,178
178,216
216,172
172,84
84,203
203,53
53,137
137,172
172,18
18,171
171,57
57,210
210,7
7,182
182,118
118,41
41,145
145,109
109,181
181,114
114,85
85,166
166,119
119,141
141,66
66,154
154,95
95,128
128,85
85,98
98,213
213,13
13,25
25,219
219,215
215,176
176,181
181,75
75,113
113,182
182,65
65,2
2,63
63,170
170,162
162,12
12,40
40,87
87,150
150,107
107,162
162,172
172,18
18,175
175,57
57,218
218,191
191,8
8,49
49,141
141,157
157,87
87,187
187,148
148,206
206,182
182,90
90,25
25,10
10,144
144,212
212,161
161,249
249,235
235,170
170,124
124,218
218,128
128,54
54,18
18,30
30,171
171,208
208,53
53,71
71,124
124,224
224,107
107,151
151,192
192,54
54,104
104,23
23,106
106,156
156,150
150,175
175,254
254,146
146,227
227,187
187,66
66,129
129,247
247,190
190,221
221,17
17,101
101,149
149,168
168,117
117,131
131,71
71,73
73,196
196,160
160,118
118,201
201,195
195,75
75,42
42,219
219,58
58,237
237,123
123,40
40,216
216,202
202,100
100,16
16,120
120,251
251,183
183,104
104,207
207,50
50,186
186,230
230,72
72,31
31,244
244,181
181,203
203,186
186,235
235,239
239,91
91,185
185,109
109,30
30,117
117,206
206,146
146,120
120,51
51,186
186,120
120,205
205,17
17,42
42,104
104,74
74,133
133,99
99,21
21,93
93,187
187,36
36,205
205,251
251,37
37,167
167,78
78,246
246,47
47,24
24,229
229,236
236,14
14,144
144,97
97,57
57,88
88,85
85,218
218,221
221,105
105,245
245,0
0,91
91,139
139,227
227,236
236,33
33,162
162,48
48,2
2,228
228,53
53,212
212,64
64,70
70,221
221,34
34,181
181,81
81,6
6,223
223,76
76,99
99,65
65,204
204,24
24,202
202,24
24,144
144,128
128,17
17,101
101,196
196,135
135,30
30,149
149,59
59,71
71,110
110,5
5,205
205,229
229,231
231,221
221,71
71,59
59,216
216,55
55,155
155,33
33,22
22,55
55,74
74,153
153,2
2,237
237,71
71,124
124,232
232,215
215,218
218,57
57,200
200,41
41,230
230,55
55,28
28,206
206,29
29,236
236,160
160,63
63,165
165,47
47,162
162,160
160,237
237,84
84,234
234,200
200,138
138,126
126,49
49,171
171,252
252,14
14,98
98,224
224,30
30,102
102,69
69,127
127,72
72,235
235,81
81,10
10,240
240,250
250,127
127,188
188,218
218,148
148,126
126,70
70,32
32,127
127,125
125,186
186,200
200,79
79,51
51,81
81,212
212,21
21,156
156,40
40,160
160,114
114,79
79,53
53,189
189,202
202,239
239,238
238,68
68,181
181,20
20,129
129,54
54,65
65,177
177,48
48,187
187,145
145,98
98,45
45,88
88,192
192,167
167,101
101,179
179,243
243,15
15,98
98,179
179,131
131,65
65,12
12,35
35,111
111,3
3,191
191,97
97,121
121,183
183,136
136,234
234,40
40,120
120,252
252,34
34,240
240,18
18,219
219,78
78,79
79,203
203,33
33,4
4,28
28,196
196,228
228,113
113,15
15,155
155,238
238,3
3,27
27,246
246,152
152,139
139,119
119,16
16,163
163,119
119,15
15,195
195,167
167,4
4,38
38,146
146,72
72,193
193,248
248,13
13,35
35,61
61,126
126,249
249,49
49,5
5,73
73,39
39,154
154,54
54,3
3,72
72,243
243,219
219,101
101,114
114,15
15,27
27,209
209,124
124,52
52,21
21,105
105,77
77,154
154,70
70,22
22,240
240,27
27,94
94,212
212,202
202,113
113,195
195,57
57,120
120,252
252,10
10,5
5,190
190,89
89,71
71,126
126,196
196,226
226,20
20,111
111,155
155,88
88,51
51,201
201,113
113,171
171,78
78,130
130,226
226,155
155,33
33,189
189,238
238,241
241,161
161,141
141,82
82,140
140,135
135,185
185,93
93,25
25,234
234,127
127,161
161,221
221,57
57,138
138,89
89,33
33,138
138,230
230,56
56,30
30,177
177,18
18,26
26,49
49,99
99,204
204,169
169,162
162,14
14,103
103,204
204,136
136,198
198,171
171,132
132,193
193,139
139,62
62,61
61,118
118,152
152,117
117,33
33,223
223,56
56,24
24,149
149,161
161,90
90,26
26,68
68,126
126,47
47,87
87,246
246,112
112,50
50,119
119,232
232,232
232,50
50,5
5,198
198,245
245,251
251,13
13,73
73,23
23,83
83,200
200,76
76,232
232,94
94,43
43,221
221,74
74,36
36,143
143,26
26,22
22,214
214,200
200,172
172,12
12,170
170,147
147,136
136,21
21,53
53,29
29,228
228,35
35,147
147,187
187,201
201,80
80,151
151,58
58,198
198,32
32,54
54,147
147,79
79,218
218,101
101,216
216,133
133,37
37,243
243,51
51,24
24,188
188,142
142,39
39,121
121,111
111,90
90,120
120,251
251,24
24,97
97,28
28,100
100,204
204,150
150,22
22,101
101,48
48,37
37,45
45,101
101,141
141,227
227,127
127,43
43,239
239,191
191,221
221,157
157,235
235,82
82,226
226,64
64,20
20,132
132,19
19,53
53,136
136,6
6,66
66,80
80,129
129,32
32,81
81,46
46,165
165,225
225,102
102,8
8,145
145,75
75,64
64,151
151,31
31,128
128,47
47,65
65,149
149,239
239,255
255,28
28,187
187,227
227,174
174,117
117,16
16,195
195,100
100,82
82,219
219,37
37,51
51,244
244,11
11,80
80,117
117,4
4,51
51,233
233,238
238,51
51,223
223,122
122,122
122,80
80,50
50,95
95,51
51,154
154,211
211,196
196,82
82,60
60,213
213,17
17,183
183,108
108,210
210,185
185,38
38,197
197,188
188,230
230,209
209,129
129,73
73,134
134,149
149,32
32,253
253,101
101,94
94,25
25,119
119,136
136,56
56,184
184,14
14,197
197,143
143,206
206,116
116,101
101,89
89,112
112,112
112,48
48,114
114,37
37,253
253,245
245,122
122,70
70,43
43,180
180,1
1,46
46,83
83,40
40,254
254,62
62,75
75,215
215,8
8,30
30,124
124,94
94,154
154,118
118,49
49,72
72,107
107,40
40,150
150,30
30,7
7,23
23,136
136,207
207,77
77,107
107,50
50,229
229,238
238,254
254,124
124,174
174,4
4,74
74,125
125,69
69,104
104,142
142,253
253,48
48,16
16,255
255,12
12,82
82,126
126,108
108,181
181,43
43,197
197,188
188,210
210,95
95,66
66,59
59,155
155,79
79,155
155,136
136,39
39,180
180,96
96,28
28,67
67,151
151,237
237,202
202,130
130,250
250,229
229,192
192,110
110,210
210,103
103,129
129,248
248,140
140,148
148,0
0,67
67,242
242,224
224,11
11,9
9,167
167,36
36,34
34,135
135,241
241,80
80,17
17,204
204,81
81,103
103,35
35,34
34,66
66,88
88,201
201,35
35,2
2,118
118,137
137,232
232,246
246,173
173,126
126,130
130,8
8,64
64,222
222,68
68,2
2,92
92,130
130,164
164,201
201,243
243,253
253,34
34,36
36,156
156,152
152,94
94,218
218,5
5,196
196,125
125,250
250,133
133,182
182,72
72,34
34,73
73,24
24,62
62,185
185,116
116,82
82,24
24,10
10,7
7,18
18,181
181,97
97,25
25,49
49,176
176,242
242,176
176,182
182,17
17,211
211,185
185,53
53,44
44,200
200,7
7,172
172,37
37,172
172,101
101,146
146,70
70,161
161,13
13,201
201,71
71,195
195,209
209,38
38,73
73,132
132,18
18,149
149,79
79,4
4,78
78,77
77,146
146,57
57,128
128,156
156,183
183,43
43,3
3,115
115,195
195,23
23,193
193,106
106,229
229,251
251,126
126,17
17,154
154,55
55,89
89,86
86,112
112,10
10,177
177,124
124,3
3,107
107,179
179,87
87,74
74,224
224,144
144,9
9,254
254,204
204,151
151,53
53,213
213,33
33,127
127,160
160,41
41,111
111,96
96,74
74,0
0,183
183,9
9,47
47,206
206,213
213,184
184,163
163,65
65,212
212,25
25,111
111,120
120,82
82,1
1,233
233,254
254,9
9,176
176,231
231,171
171,183
183,208
208,32
32,90
90,244
244,4
4,206
206,124
124,236
236,144
144,44
44,177
177,78
78,23
23,2
2,22
22,108
108,235
235,89
89,131
131,232
232,185
185,37
37,96
96,176
176,46
46,164
164,158
158,23
23,225
225,125
125,83
83,166
166,146
146,248
248,100
100,146
146,80
80,198
198,146
146,235
235,44
44,154
154,207
207,46
46,1
1,169
169,36
36,32
32,153
153,188
188,156
156,205
205,35
35,233
233,231
231,197
197,8
8,20
20,171
171,60
60,223
223,103
103,89
89,213
213,53
53,136
136,234
234,171
171,18
18,223
223,21
21,89
89,77
77,37
37,48
48,88
88,255
255,191
191,5
5,155
155,255
255,5
5,58
58,119
119,95
95,113
113,253
253,29
29,182
182,174
174,35
35,137
137,97
97,40
40,64
64,133
133,201
201,241
241,186
186,212
212,175
175,168
168,126
126,216
216,235
235,237
237,37
37,215
215,215
215,85
85,100
100,94
94,31
31,45
45,216
216,28
28,39
39,149
149,92
92,162
162,112
112,137
137,75
75,78
78,50
50,153
153,123
123,236
236,218
218,154
154,42
42,210
210,179
179,156
156,128
128,226
226,218
218,242
242,202
202,32
32,219
219,210
210,179
179,174
174,57
57,65
65,139
139,68
68,6
6,171
171,80
80,11
11,182
182,180
180,215
215,203
203,155
155,100
100,65
65,89
89,194
194,100
100,175
175,107
107,89
89,106
106,221
221,75
75,102
102,24
24,38
38,78
78,44
44,172
172,26
26,162
162,169
169,36
36,62
62,153
153,52
52,170
170,161
161,90
90,243
243,98
98,134
134,162
162,239
239,26
26,98
98,169
169,36
36,62
62,153
153,52
52,92
92,95
95,66
66,195
195,48
48,185
185,19
19,222
222,51
51,226
226,227
227,84
84,84
84,92
92,95
95,9
9,238
238,114
114,123
123,46
46,23
23,81
81,111
111,94
94,44
44,164
164,152
152,88
88,153
153,248
248,133
133,168
168,38
38,168
168,9
9,67
67,139
139,98
98,59
59,212
212,226
226,186
186,130
130,243
243,218
218,11
11,61
61,201
201,175
175,163
163,51
51,212
212,91
91,216
216,58
58,31
31,11
11,101
101,81
81,115
115,94
94,108
108,211
211,44
44,206
206,230
230,119
119,216
216,214
214,36
36,106
106,83
83,210
210,137
137,51
51,240
240,139
139,146
146,27
27,20
20,41
41,193
193,77
77,206
206,242
242,1
1,53
53,176
176,135
135,165
165,19
19,3
3,150
150,82
82,119
119,94
94,172
172,211
211,249
249,250
250,13
13,13
13,246
246,226
226,93
93,157
157,160
160,98
98,23
23,239
239,37
37,6
6,93
93,166
166,128
128,65
65,193
193,155
155,216
216,55
55,248
248,92
92,109
109,82
82,214
214,81
81,135
135,189
189,73
73,237
237,59
59,28
28,79
79,233
233,121
121,177
177,142
142,205
205,46
46,222
222,112
112,228
228,219
219,26
26,72
72,182
182,63
63,138
138,193
193,47
47,42
42,174
174,102
102,180
180,3
3,28
28,53
53,239
239,97
97,38
38,85
85,229
229,222
222,220
220,65
65,162
162,170
170,63
63,175
175,143
143,181
181,250
250,47
47,45
45,88
88,179
179,123
123,10
10,123
123,168
168,116
116,205
205,47
47,13
13,214
214,185
185,12
12,141
141,76
76,72
72,11
11,118
118,27
27,154
154,108
108,221
221,224
224,54
54,114
114,111
111,172
172,109
109,172
172,179
179,20
20,13
13,86
86,252
252,90
90,253
253,56
56,210
210,96
96,138
138,198
198,219
219,175
175,92
92,178
178,52
52,50
50,83
83,139
139,207
207,141
141,113
113,159
159,52
52,152
152,158
158,220
220,45
45,195
195,80
80,29
29,131
131,53
53,89
89,54
54,181
181,96
96,41
41,149
149,196
196,36
36,147
147,212
212,96
96,85
85,199
199,96
96,77
77,150
150,110
110,15
15,62
62,173
173,171
171,243
243,106
106,81
81,131
131,169
169,88
88,61
61,255
255,52
52,217
217,6
6,182
182,98
98,6
6,152
152,208
208,194
194,49
49,165
165,146
146,216
216,100
100,210
210,232
232,249
249,178
178,52
52,164
164,81
81,210
210,179
179,161
161,155
155,217
217,217
217,149
149,132
132,237
237,76
76,102
102,220
220,80
80,37
37,3
3,95
95,80
80,141
141,201
201,135
135,217
217,51
51,91
91,3
3,219
219,128
128,87
87,235
235,217
217,95
95,3
3,172
172,161
161,29
29,159
159,244
244,6
6,107
107,193
193,190
190,59
59,148
148,74
74,34
34,146
146,73
73,231
231,157
157,53
53,88
88,27
27,199
199,247
247,253
253,98
98,42
42,48
48,123
123,204
204,233
233,35
35,7
7,214
214,119
119,152
152,1
1,38
38,91
91,67
67,154
154,9
9,100
100,199
199,152
152,153
153,154
154,215
215,0
0,254
254,204
204,189
189,154
154,97
97,122
122,114
114,54
54,88
88,17
17,210
210,139
139,125
125,183
183,213
213,70
70,14
14,172
172,221
221,114
114,251
251,197
197,227
227,252
252,61
61,254
254,179
179,96
96,253
253,101
101,8
8,92
92,97
97,41
41,135
135,75
75,95
95,101
101,131
131,85
85,224
224,0
0,219
219,9
9,131
131,44
44,240
240,116
116,23
23,132
132,157
157,31
31,62
62,176
176,254
254,6
6,166
166,160
160,196
196,150
150,171
171,84
84,151
151,157
157,0
0,0
0,0
0,0
0,73
73,69
69,78
78,68
68,174
174,66
66,96
96,130
